2025-12-10T14:19:11-10:00 [WEB] PUT /health - 304 (260ms)
2025-12-10T14:19:11-10:00 [WEB] ERROR: Database connection timeout
2025-12-10T14:27:36-10:00 [WEB] GET /api/users - 500 (156ms)
2025-12-10T14:27:37-10:00 [WEB] PUT / - 304 (275ms)
2025-12-10T14:27:39-10:00 [WEB] POST /api/posts - 200 (158ms)
2025-12-10T14:27:41-10:00 [WEB] DELETE /api/users - 200 (317ms)
2025-12-10T14:27:44-10:00 [WEB] GET /metrics - 404 (375ms)
2025-12-10T14:27:45-10:00 [WEB] POST /metrics - 200 (205ms)
2025-12-10T14:27:48-10:00 [WEB] DELETE /metrics - 404 (407ms)
2025-12-10T14:27:48-10:00 [WEB] ERROR: Database connection timeout
2025-12-10T14:27:51-10:00 [WEB] POST /health - 201 (340ms)
2025-12-10T14:30:45-10:00 [WEB] POST /health - 200 (124ms)
2025-12-10T14:30:48-10:00 [WEB] GET /health - 201 (311ms)
2025-12-10T14:30:50-10:00 [WEB] DELETE /api/users - 200 (116ms)
2025-12-10T14:30:51-10:00 [WEB] GET /api/posts - 200 (34ms)
2025-12-10T14:30:52-10:00 [WEB] PUT / - 500 (341ms)
2025-12-10T14:30:55-10:00 [WEB] POST /api/posts - 201 (138ms)
2025-12-10T14:30:58-10:00 [WEB] GET /api/posts - 200 (38ms)
2025-12-10T14:30:59-10:00 [WEB] DELETE /api/posts - 304 (58ms)
2025-12-10T14:31:00-10:00 [WEB] DELETE /metrics - 404 (384ms)
2025-12-10T14:31:00-10:00 [WEB] ERROR: Database connection timeout
2025-12-10T14:31:01-10:00 [WEB] POST / - 201 (23ms)
2025-12-10T14:31:04-10:00 [WEB] GET /api/users - 400 (422ms)
2025-12-10T14:31:07-10:00 [WEB] GET / - 404 (278ms)
2025-12-10T14:31:08-10:00 [WEB] PUT /metrics - 200 (117ms)
2025-12-10T14:31:08-10:00 [WEB] ERROR: Database connection timeout
2025-12-10T14:31:11-10:00 [WEB] PUT /api/posts - 200 (481ms)
2025-12-10T14:31:14-10:00 [WEB] DELETE /metrics - 200 (403ms)
2025-12-10T14:31:17-10:00 [WEB] PUT /health - 500 (277ms)
2025-12-10T14:31:19-10:00 [WEB] POST /health - 200 (111ms)
2025-12-10T14:31:21-10:00 [WEB] POST /health - 200 (481ms)
2025-12-10T14:31:22-10:00 [WEB] PUT /api/posts - 201 (350ms)
2025-12-10T14:31:23-10:00 [WEB] DELETE /api/users - 400 (404ms)
2025-12-10T14:31:26-10:00 [WEB] POST /api/posts - 200 (107ms)
2025-12-10T15:14:50-10:00 [WEB] POST / - 200 (290ms)
2025-12-10T15:14:53-10:00 [WEB] POST /api/users - 304 (336ms)
