2025-12-10T14:27:37-10:00 [WORKER] Processing ImageProcessingJob (job_id: 1)
2025-12-10T14:27:38-10:00 [WORKER] Completed ImageProcessingJob (job_id: 1)
2025-12-10T14:27:42-10:00 [WORKER] Processing EmailJob (job_id: 2)
2025-12-10T14:27:43-10:00 [WORKER] FAILED EmailJob (job_id: 2) - Retry scheduled
2025-12-10T14:27:48-10:00 [WORKER] Processing ImageProcessingJob (job_id: 3)
2025-12-10T14:27:50-10:00 [WORKER] Completed ImageProcessingJob (job_id: 3)
2025-12-10T14:30:48-10:00 [WORKER] Processing DataSyncJob (job_id: 1)
2025-12-10T14:30:49-10:00 [WORKER] Completed DataSyncJob (job_id: 1)
2025-12-10T14:30:53-10:00 [WORKER] Processing ReportGenerationJob (job_id: 2)
2025-12-10T14:30:54-10:00 [WORKER] Completed ReportGenerationJob (job_id: 2)
2025-12-10T14:30:57-10:00 [WORKER] Processing ReportGenerationJob (job_id: 3)
2025-12-10T14:30:59-10:00 [WORKER] FAILED ReportGenerationJob (job_id: 3) - Retry scheduled
2025-12-10T14:31:03-10:00 [WORKER] Processing ReportGenerationJob (job_id: 4)
2025-12-10T14:31:04-10:00 [WORKER] Completed ReportGenerationJob (job_id: 4)
2025-12-10T14:31:08-10:00 [WORKER] Processing EmailJob (job_id: 5)
2025-12-10T14:31:09-10:00 [WORKER] Completed EmailJob (job_id: 5)
2025-12-10T14:31:12-10:00 [WORKER] Processing EmailJob (job_id: 6)
2025-12-10T14:31:14-10:00 [WORKER] FAILED EmailJob (job_id: 6) - Retry scheduled
2025-12-10T14:31:19-10:00 [WORKER] Processing ReportGenerationJob (job_id: 7)
2025-12-10T14:31:20-10:00 [WORKER] Completed ReportGenerationJob (job_id: 7)
2025-12-10T14:31:23-10:00 [WORKER] Processing DataSyncJob (job_id: 8)
2025-12-10T14:31:25-10:00 [WORKER] Completed DataSyncJob (job_id: 8)
2025-12-10T15:14:49-10:00 [WORKER] Processing EmailJob (job_id: 1)
2025-12-10T15:14:50-10:00 [WORKER] Completed EmailJob (job_id: 1)
2025-12-10T15:14:54-10:00 [WORKER] Processing EmailJob (job_id: 2)
2025-12-10T15:48:48-10:00 [WORKER] Processing ImageProcessingJob (job_id: 1)
2025-12-10T15:48:49-10:00 [WORKER] Completed ImageProcessingJob (job_id: 1)
2025-12-10T15:48:52-10:00 [WORKER] Processing DataSyncJob (job_id: 2)
2025-12-10T15:48:53-10:00 [WORKER] FAILED DataSyncJob (job_id: 2) - Retry scheduled
2025-12-10T15:48:57-10:00 [WORKER] Processing ImageProcessingJob (job_id: 3)
2025-12-10T15:48:59-10:00 [WORKER] Completed ImageProcessingJob (job_id: 3)
2025-12-10T15:49:01-10:00 [WORKER] Processing EmailJob (job_id: 4)
2025-12-10T15:49:02-10:00 [WORKER] Completed EmailJob (job_id: 4)
2025-12-10T15:49:04-10:00 [WORKER] Processing ImageProcessingJob (job_id: 5)
2025-12-10T15:49:05-10:00 [WORKER] Completed ImageProcessingJob (job_id: 5)
2025-12-10T15:49:07-10:00 [WORKER] Processing ReportGenerationJob (job_id: 6)
2025-12-10T15:49:09-10:00 [WORKER] Completed ReportGenerationJob (job_id: 6)
2025-12-10T15:49:12-10:00 [WORKER] Processing ReportGenerationJob (job_id: 7)
2025-12-10T15:49:13-10:00 [WORKER] Completed ReportGenerationJob (job_id: 7)
2025-12-10T15:49:17-10:00 [WORKER] Processing DataSyncJob (job_id: 8)
2025-12-10T15:49:18-10:00 [WORKER] FAILED DataSyncJob (job_id: 8) - Retry scheduled
2025-12-10T15:49:21-10:00 [WORKER] Processing ReportGenerationJob (job_id: 9)
2025-12-10T15:49:22-10:00 [WORKER] Completed ReportGenerationJob (job_id: 9)
2025-12-10T15:49:25-10:00 [WORKER] Processing ReportGenerationJob (job_id: 10)
2025-12-10T15:49:26-10:00 [WORKER] Completed ReportGenerationJob (job_id: 10)
2025-12-10T15:49:29-10:00 [WORKER] Processing ImageProcessingJob (job_id: 11)
2025-12-10T15:49:30-10:00 [WORKER] FAILED ImageProcessingJob (job_id: 11) - Retry scheduled
2025-12-10T15:49:35-10:00 [WORKER] Processing DataSyncJob (job_id: 12)
2025-12-10T15:49:37-10:00 [WORKER] Completed DataSyncJob (job_id: 12)
2025-12-10T15:49:41-10:00 [WORKER] Processing ImageProcessingJob (job_id: 13)
2025-12-10T15:49:42-10:00 [WORKER] FAILED ImageProcessingJob (job_id: 13) - Retry scheduled
2025-12-10T15:49:46-10:00 [WORKER] Processing ReportGenerationJob (job_id: 14)
2025-12-10T15:49:48-10:00 [WORKER] Completed ReportGenerationJob (job_id: 14)
2025-12-10T15:49:52-10:00 [WORKER] Processing ImageProcessingJob (job_id: 15)
2025-12-10T15:49:53-10:00 [WORKER] Completed ImageProcessingJob (job_id: 15)
2025-12-10T15:49:56-10:00 [WORKER] Processing ReportGenerationJob (job_id: 16)
2025-12-10T15:49:57-10:00 [WORKER] Completed ReportGenerationJob (job_id: 16)
2025-12-10T15:50:01-10:00 [WORKER] Processing EmailJob (job_id: 17)
2025-12-10T15:50:02-10:00 [WORKER] Completed EmailJob (job_id: 17)
2025-12-10T15:50:04-10:00 [WORKER] Processing DataSyncJob (job_id: 18)
2025-12-10T15:50:06-10:00 [WORKER] FAILED DataSyncJob (job_id: 18) - Retry scheduled
2025-12-10T15:50:09-10:00 [WORKER] Processing DataSyncJob (job_id: 19)
2025-12-10T15:50:11-10:00 [WORKER] Completed DataSyncJob (job_id: 19)
2025-12-10T15:50:16-10:00 [WORKER] Processing ReportGenerationJob (job_id: 20)
2025-12-10T15:50:18-10:00 [WORKER] Completed ReportGenerationJob (job_id: 20)
2025-12-10T15:50:22-10:00 [WORKER] Processing DataSyncJob (job_id: 21)
2025-12-10T15:50:24-10:00 [WORKER] Completed DataSyncJob (job_id: 21)
2025-12-10T15:50:26-10:00 [WORKER] Processing DataSyncJob (job_id: 22)
2025-12-10T15:50:28-10:00 [WORKER] Completed DataSyncJob (job_id: 22)
2025-12-10T15:50:33-10:00 [WORKER] Processing ReportGenerationJob (job_id: 23)
2025-12-10T15:50:34-10:00 [WORKER] FAILED ReportGenerationJob (job_id: 23) - Retry scheduled
2025-12-10T15:50:38-10:00 [WORKER] Processing EmailJob (job_id: 24)
2025-12-10T15:50:40-10:00 [WORKER] Completed EmailJob (job_id: 24)
2025-12-10T15:51:24-10:00 [WORKER] Processing DataSyncJob (job_id: 1)
2025-12-10T15:53:35-10:00 [WORKER] Processing EmailJob (job_id: 1)
2025-12-10T15:53:36-10:00 [WORKER] Completed EmailJob (job_id: 1)
2025-12-10T15:53:39-10:00 [WORKER] Processing EmailJob (job_id: 2)
2025-12-10T15:53:41-10:00 [WORKER] FAILED EmailJob (job_id: 2) - Retry scheduled
2025-12-10T15:53:45-10:00 [WORKER] Processing ImageProcessingJob (job_id: 3)
2025-12-10T15:53:47-10:00 [WORKER] FAILED ImageProcessingJob (job_id: 3) - Retry scheduled
2025-12-10T15:55:54-10:00 [WORKER] Processing ImageProcessingJob (job_id: 1)
2025-12-10T15:57:13-10:00 [WORKER] Processing EmailJob (job_id: 1)
2025-12-10T15:57:15-10:00 [WORKER] Completed EmailJob (job_id: 1)
2025-12-10T15:57:23-10:00 [WORKER] Processing EmailJob (job_id: 1)
2025-12-10T15:57:24-10:00 [WORKER] Completed EmailJob (job_id: 1)
2025-12-10T15:57:26-10:00 [WORKER] Processing EmailJob (job_id: 2)
2025-12-10T15:57:27-10:00 [WORKER] Completed EmailJob (job_id: 2)
2025-12-10T15:57:30-10:00 [WORKER] Processing ImageProcessingJob (job_id: 3)
2025-12-10T15:57:31-10:00 [WORKER] FAILED ImageProcessingJob (job_id: 3) - Retry scheduled
2025-12-10T15:57:35-10:00 [WORKER] Processing EmailJob (job_id: 4)
2025-12-10T15:57:37-10:00 [WORKER] Completed EmailJob (job_id: 4)
2025-12-10T15:57:40-10:00 [WORKER] Processing EmailJob (job_id: 5)
2025-12-10T15:57:41-10:00 [WORKER] FAILED EmailJob (job_id: 5) - Retry scheduled
2025-12-10T15:57:45-10:00 [WORKER] Processing ReportGenerationJob (job_id: 6)
2025-12-10T15:57:46-10:00 [WORKER] Completed ReportGenerationJob (job_id: 6)
2025-12-10T15:58:08-10:00 [WORKER] Processing ImageProcessingJob (job_id: 1)
2025-12-10T15:58:09-10:00 [WORKER] Completed ImageProcessingJob (job_id: 1)
2025-12-10T16:00:14-10:00 [WORKER] Processing ReportGenerationJob (job_id: 1)
2025-12-10T16:00:15-10:00 [WORKER] FAILED ReportGenerationJob (job_id: 1) - Retry scheduled
2025-12-10T16:00:19-10:00 [WORKER] Processing EmailJob (job_id: 2)
2025-12-10T16:00:21-10:00 [WORKER] Completed EmailJob (job_id: 2)
2025-12-10T16:00:24-10:00 [WORKER] Processing DataSyncJob (job_id: 3)
2025-12-10T16:01:03-10:00 [WORKER] Processing DataSyncJob (job_id: 1)
2025-12-10T16:01:05-10:00 [WORKER] FAILED DataSyncJob (job_id: 1) - Retry scheduled
2025-12-10T16:01:07-10:00 [WORKER] Processing DataSyncJob (job_id: 2)
2025-12-10T16:01:09-10:00 [WORKER] FAILED DataSyncJob (job_id: 2) - Retry scheduled
2025-12-10T16:01:14-10:00 [WORKER] Processing EmailJob (job_id: 3)
2025-12-10T16:02:09-10:00 [WORKER] Processing ReportGenerationJob (job_id: 1)
2025-12-10T16:02:11-10:00 [WORKER] Completed ReportGenerationJob (job_id: 1)
2025-12-10T16:02:14-10:00 [WORKER] Processing DataSyncJob (job_id: 2)
2025-12-10T16:02:16-10:00 [WORKER] FAILED DataSyncJob (job_id: 2) - Retry scheduled
2025-12-10T16:02:20-10:00 [WORKER] Processing ReportGenerationJob (job_id: 3)
2025-12-10T16:02:22-10:00 [WORKER] Completed ReportGenerationJob (job_id: 3)
2025-12-10T16:02:30-10:00 [WORKER] Processing DataSyncJob (job_id: 1)
2025-12-10T16:03:49-10:00 [WORKER] Processing EmailJob (job_id: 1)
2025-12-10T16:03:51-10:00 [WORKER] Completed EmailJob (job_id: 1)
2025-12-10T16:03:56-10:00 [WORKER] Processing ReportGenerationJob (job_id: 2)
2025-12-10T16:03:57-10:00 [WORKER] Completed ReportGenerationJob (job_id: 2)
2025-12-10T16:04:00-10:00 [WORKER] Processing EmailJob (job_id: 3)
2025-12-10T16:04:01-10:00 [WORKER] FAILED EmailJob (job_id: 3) - Retry scheduled
2025-12-10T16:04:05-10:00 [WORKER] Processing DataSyncJob (job_id: 4)
2025-12-10T16:04:07-10:00 [WORKER] Completed DataSyncJob (job_id: 4)
2025-12-10T16:04:11-10:00 [WORKER] Processing ReportGenerationJob (job_id: 5)
2025-12-10T16:04:12-10:00 [WORKER] Completed ReportGenerationJob (job_id: 5)
2025-12-10T16:04:16-10:00 [WORKER] Processing ImageProcessingJob (job_id: 6)
2025-12-10T16:04:18-10:00 [WORKER] Completed ImageProcessingJob (job_id: 6)
2025-12-10T16:04:21-10:00 [WORKER] Processing EmailJob (job_id: 7)
2025-12-10T16:06:20-10:00 [WORKER] Processing DataSyncJob (job_id: 1)
2025-12-10T16:06:22-10:00 [WORKER] Completed DataSyncJob (job_id: 1)
2025-12-10T16:06:27-10:00 [WORKER] Processing DataSyncJob (job_id: 2)
2025-12-10T16:06:28-10:00 [WORKER] Completed DataSyncJob (job_id: 2)
2025-12-10T16:06:30-10:00 [WORKER] Processing ImageProcessingJob (job_id: 3)
2025-12-10T16:06:31-10:00 [WORKER] Completed ImageProcessingJob (job_id: 3)
2025-12-10T16:06:33-10:00 [WORKER] Processing ReportGenerationJob (job_id: 4)
2025-12-10T16:06:34-10:00 [WORKER] Completed ReportGenerationJob (job_id: 4)
2025-12-10T16:06:36-10:00 [WORKER] Processing EmailJob (job_id: 5)
2025-12-10T16:06:38-10:00 [WORKER] Completed EmailJob (job_id: 5)
2025-12-10T16:06:43-10:00 [WORKER] Processing EmailJob (job_id: 6)
2025-12-10T16:06:44-10:00 [WORKER] Completed EmailJob (job_id: 6)
2025-12-10T16:06:47-10:00 [WORKER] Processing DataSyncJob (job_id: 7)
2025-12-10T16:06:48-10:00 [WORKER] Completed DataSyncJob (job_id: 7)
2025-12-10T16:06:53-10:00 [WORKER] Processing ReportGenerationJob (job_id: 8)
2025-12-10T16:06:55-10:00 [WORKER] Completed ReportGenerationJob (job_id: 8)
